+ set -e
++ id -gn
+ PYLON5=/pylon5/ci560ip/shivangs
++ id -gn
+ PYLON2=/pylon2/ci560ip/shivangs
+ module load cuda/8.0
++ /usr/bin/modulecmd bash load cuda/8.0
+ eval LD_LIBRARY_PATH=/opt/packages/cuda/8.0/lib64:/opt/intel/compilers_and_libraries_2016.3.210/linux/mpi/intel64/lib:/opt/intel/compilers_and_libraries_2016.3.210/linux/mpi/mic/lib:/opt/intel/compilers_and_libraries_2016.3.210/linux/ipp/lib/intel64:/opt/intel/compilers_and_libraries_2016.3.210/linux/compiler/lib/intel64:/opt/intel/compilers_and_libraries_2016.3.210/linux/mkl/lib/intel64:/opt/intel/compilers_and_libraries_2016.3.210/linux/tbb/lib/intel64/gcc4.4:/opt/intel/debugger_2016/libipt/intel64/lib:/opt/intel/compilers_and_libraries_2016.3.210/linux/daal/lib/intel64_lin:/opt/intel/compilers_and_libraries_2016.3.210/linux/tbb/lib/intel64_lin/gcc4.4:/opt/intel/compilers_and_libraries_2016.3.210/linux/compiler/lib/intel64_lin ';export' 'LD_LIBRARY_PATH;LOADEDMODULES=psc_path/1.1:slurm/15.08.8:intel/compilers:mpi/intel_mpi:icc/16.0.3:cuda/8.0' ';export' 'LOADEDMODULES;PATH=/opt/packages/cuda/8.0/bin:/usr/lib64/qt-3.3/bin:/opt/intel/compilers_and_libraries_2016.3.210/linux/mpi/intel64/bin:/opt/intel/compilers_and_libraries_2016.3.210/linux/bin/intel64:/opt/intel/debugger_2016/gdb/intel64_mic/bin:/opt/packages/slurm/15.08.8/bin:/opt/packages/allocations:/opt/packages/interact/bin:/usr/lib64/ccache:/usr/local/bin:/bin:/usr/bin:/usr/bin:/usr/local/sbin:/usr/sbin:/opt/puppetlabs/puppet/bin:/opt/packages/slash2/psc/sbin:/opt/puppetlabs/bin:/pylon5/ci560ip/shivangs/deepRL/tcl/bin:/pylon5/ci560ip/shivangs/deepRL/tk/bin:/home/shivangs/.local/bin:/home/shivangs/bin' ';export' 'PATH;_LMFILES_=/opt/modulefiles/psc_path/1.1:/opt/modulefiles/slurm/15.08.8:/opt/modulefiles/intel/compilers:/opt/modulefiles/mpi/intel_mpi:/opt/modulefiles/icc/16.0.3:/opt/modulefiles/cuda/8.0' ';export' '_LMFILES_;'
++ LD_LIBRARY_PATH=/opt/packages/cuda/8.0/lib64:/opt/intel/compilers_and_libraries_2016.3.210/linux/mpi/intel64/lib:/opt/intel/compilers_and_libraries_2016.3.210/linux/mpi/mic/lib:/opt/intel/compilers_and_libraries_2016.3.210/linux/ipp/lib/intel64:/opt/intel/compilers_and_libraries_2016.3.210/linux/compiler/lib/intel64:/opt/intel/compilers_and_libraries_2016.3.210/linux/mkl/lib/intel64:/opt/intel/compilers_and_libraries_2016.3.210/linux/tbb/lib/intel64/gcc4.4:/opt/intel/debugger_2016/libipt/intel64/lib:/opt/intel/compilers_and_libraries_2016.3.210/linux/daal/lib/intel64_lin:/opt/intel/compilers_and_libraries_2016.3.210/linux/tbb/lib/intel64_lin/gcc4.4:/opt/intel/compilers_and_libraries_2016.3.210/linux/compiler/lib/intel64_lin
++ export LD_LIBRARY_PATH
++ LOADEDMODULES=psc_path/1.1:slurm/15.08.8:intel/compilers:mpi/intel_mpi:icc/16.0.3:cuda/8.0
++ export LOADEDMODULES
++ PATH=/opt/packages/cuda/8.0/bin:/usr/lib64/qt-3.3/bin:/opt/intel/compilers_and_libraries_2016.3.210/linux/mpi/intel64/bin:/opt/intel/compilers_and_libraries_2016.3.210/linux/bin/intel64:/opt/intel/debugger_2016/gdb/intel64_mic/bin:/opt/packages/slurm/15.08.8/bin:/opt/packages/allocations:/opt/packages/interact/bin:/usr/lib64/ccache:/usr/local/bin:/bin:/usr/bin:/usr/bin:/usr/local/sbin:/usr/sbin:/opt/puppetlabs/puppet/bin:/opt/packages/slash2/psc/sbin:/opt/puppetlabs/bin:/pylon5/ci560ip/shivangs/deepRL/tcl/bin:/pylon5/ci560ip/shivangs/deepRL/tk/bin:/home/shivangs/.local/bin:/home/shivangs/bin
++ export PATH
++ _LMFILES_=/opt/modulefiles/psc_path/1.1:/opt/modulefiles/slurm/15.08.8:/opt/modulefiles/intel/compilers:/opt/modulefiles/mpi/intel_mpi:/opt/modulefiles/icc/16.0.3:/opt/modulefiles/cuda/8.0
++ export _LMFILES_
+ module load python3
++ /usr/bin/modulecmd bash load python3
+ eval LD_LIBRARY_PATH=/opt/packages/python/Python-3.5.2-icc-mkl/lib:/opt/packages/cuda/8.0/lib64:/opt/intel/compilers_and_libraries_2016.3.210/linux/mpi/intel64/lib:/opt/intel/compilers_and_libraries_2016.3.210/linux/mpi/mic/lib:/opt/intel/compilers_and_libraries_2016.3.210/linux/ipp/lib/intel64:/opt/intel/compilers_and_libraries_2016.3.210/linux/compiler/lib/intel64:/opt/intel/compilers_and_libraries_2016.3.210/linux/mkl/lib/intel64:/opt/intel/compilers_and_libraries_2016.3.210/linux/tbb/lib/intel64/gcc4.4:/opt/intel/debugger_2016/libipt/intel64/lib:/opt/intel/compilers_and_libraries_2016.3.210/linux/daal/lib/intel64_lin:/opt/intel/compilers_and_libraries_2016.3.210/linux/tbb/lib/intel64_lin/gcc4.4:/opt/intel/compilers_and_libraries_2016.3.210/linux/compiler/lib/intel64_lin ';export' 'LD_LIBRARY_PATH;LIBRARY_PATH=/opt/packages/python/Python-3.5.2-icc-mkl/lib:/opt/intel/compilers_and_libraries_2016.3.210/linux/ipp/lib/intel64:/opt/intel/compilers_and_libraries_2016.3.210/linux/compiler/lib/intel64:/opt/intel/compilers_and_libraries_2016.3.210/linux/mkl/lib/intel64:/opt/intel/compilers_and_libraries_2016.3.210/linux/tbb/lib/intel64/gcc4.4:/opt/intel/debugger_2016/libipt/intel64/lib:/opt/intel/compilers_and_libraries_2016.3.210/linux/daal/lib/intel64_lin:/opt/intel/compilers_and_libraries_2016.3.210/linux/tbb/lib/intel64_lin/gcc4.4:/opt/intel/compilers_and_libraries_2016.3.210/linux/compiler/lib/intel64_lin:/pylon5/ci560ip/shivangs/deepRL/tcl/lib/:/pylon5/ci560ip/shivangs/deepRL/tk/lib' ';export' 'LIBRARY_PATH;LOADEDMODULES=psc_path/1.1:slurm/15.08.8:intel/compilers:mpi/intel_mpi:icc/16.0.3:cuda/8.0:python3/3.5.2_gcc_mkl' ';export' 'LOADEDMODULES;MANPATH=/opt/packages/python/Python-3.5.2-icc-mkl/share/man:/opt/intel/compilers_and_libraries_2016.3.210/linux/mpi/man:/opt/intel/documentation_2016/en/man/common:/opt/intel/documentation_2016/en/debugger/gdb-igfx/man/:/opt/intel/documentation_2016/en/debugger/gdb-mic/man/:/opt/intel/documentation_2016/en/debugger/gdb-ia/man/:/opt/packages/slurm/15.08.8/share/man:/usr/local/man:/usr/share/man:/opt/packages/slash2/psc/man' ';export' 'MANPATH;PATH=/opt/packages/python/Python-3.5.2-icc-mkl/bin:/opt/packages/cuda/8.0/bin:/usr/lib64/qt-3.3/bin:/opt/intel/compilers_and_libraries_2016.3.210/linux/mpi/intel64/bin:/opt/intel/compilers_and_libraries_2016.3.210/linux/bin/intel64:/opt/intel/debugger_2016/gdb/intel64_mic/bin:/opt/packages/slurm/15.08.8/bin:/opt/packages/allocations:/opt/packages/interact/bin:/usr/lib64/ccache:/usr/local/bin:/bin:/usr/bin:/usr/bin:/usr/local/sbin:/usr/sbin:/opt/puppetlabs/puppet/bin:/opt/packages/slash2/psc/sbin:/opt/puppetlabs/bin:/pylon5/ci560ip/shivangs/deepRL/tcl/bin:/pylon5/ci560ip/shivangs/deepRL/tk/bin:/home/shivangs/.local/bin:/home/shivangs/bin' ';export' 'PATH;PYTHONPATH=/opt/packages/python/Python-3.5.2-icc-mkl/lib/python3.5/site-packages' ';export' 'PYTHONPATH;_LMFILES_=/opt/modulefiles/psc_path/1.1:/opt/modulefiles/slurm/15.08.8:/opt/modulefiles/intel/compilers:/opt/modulefiles/mpi/intel_mpi:/opt/modulefiles/icc/16.0.3:/opt/modulefiles/cuda/8.0:/opt/modulefiles/python3/3.5.2_gcc_mkl' ';export' '_LMFILES_;'
++ LD_LIBRARY_PATH=/opt/packages/python/Python-3.5.2-icc-mkl/lib:/opt/packages/cuda/8.0/lib64:/opt/intel/compilers_and_libraries_2016.3.210/linux/mpi/intel64/lib:/opt/intel/compilers_and_libraries_2016.3.210/linux/mpi/mic/lib:/opt/intel/compilers_and_libraries_2016.3.210/linux/ipp/lib/intel64:/opt/intel/compilers_and_libraries_2016.3.210/linux/compiler/lib/intel64:/opt/intel/compilers_and_libraries_2016.3.210/linux/mkl/lib/intel64:/opt/intel/compilers_and_libraries_2016.3.210/linux/tbb/lib/intel64/gcc4.4:/opt/intel/debugger_2016/libipt/intel64/lib:/opt/intel/compilers_and_libraries_2016.3.210/linux/daal/lib/intel64_lin:/opt/intel/compilers_and_libraries_2016.3.210/linux/tbb/lib/intel64_lin/gcc4.4:/opt/intel/compilers_and_libraries_2016.3.210/linux/compiler/lib/intel64_lin
++ export LD_LIBRARY_PATH
++ LIBRARY_PATH=/opt/packages/python/Python-3.5.2-icc-mkl/lib:/opt/intel/compilers_and_libraries_2016.3.210/linux/ipp/lib/intel64:/opt/intel/compilers_and_libraries_2016.3.210/linux/compiler/lib/intel64:/opt/intel/compilers_and_libraries_2016.3.210/linux/mkl/lib/intel64:/opt/intel/compilers_and_libraries_2016.3.210/linux/tbb/lib/intel64/gcc4.4:/opt/intel/debugger_2016/libipt/intel64/lib:/opt/intel/compilers_and_libraries_2016.3.210/linux/daal/lib/intel64_lin:/opt/intel/compilers_and_libraries_2016.3.210/linux/tbb/lib/intel64_lin/gcc4.4:/opt/intel/compilers_and_libraries_2016.3.210/linux/compiler/lib/intel64_lin:/pylon5/ci560ip/shivangs/deepRL/tcl/lib/:/pylon5/ci560ip/shivangs/deepRL/tk/lib
++ export LIBRARY_PATH
++ LOADEDMODULES=psc_path/1.1:slurm/15.08.8:intel/compilers:mpi/intel_mpi:icc/16.0.3:cuda/8.0:python3/3.5.2_gcc_mkl
++ export LOADEDMODULES
++ MANPATH=/opt/packages/python/Python-3.5.2-icc-mkl/share/man:/opt/intel/compilers_and_libraries_2016.3.210/linux/mpi/man:/opt/intel/documentation_2016/en/man/common:/opt/intel/documentation_2016/en/debugger/gdb-igfx/man/:/opt/intel/documentation_2016/en/debugger/gdb-mic/man/:/opt/intel/documentation_2016/en/debugger/gdb-ia/man/:/opt/packages/slurm/15.08.8/share/man:/usr/local/man:/usr/share/man:/opt/packages/slash2/psc/man
++ export MANPATH
++ PATH=/opt/packages/python/Python-3.5.2-icc-mkl/bin:/opt/packages/cuda/8.0/bin:/usr/lib64/qt-3.3/bin:/opt/intel/compilers_and_libraries_2016.3.210/linux/mpi/intel64/bin:/opt/intel/compilers_and_libraries_2016.3.210/linux/bin/intel64:/opt/intel/debugger_2016/gdb/intel64_mic/bin:/opt/packages/slurm/15.08.8/bin:/opt/packages/allocations:/opt/packages/interact/bin:/usr/lib64/ccache:/usr/local/bin:/bin:/usr/bin:/usr/bin:/usr/local/sbin:/usr/sbin:/opt/puppetlabs/puppet/bin:/opt/packages/slash2/psc/sbin:/opt/puppetlabs/bin:/pylon5/ci560ip/shivangs/deepRL/tcl/bin:/pylon5/ci560ip/shivangs/deepRL/tk/bin:/home/shivangs/.local/bin:/home/shivangs/bin
++ export PATH
++ PYTHONPATH=/opt/packages/python/Python-3.5.2-icc-mkl/lib/python3.5/site-packages
++ export PYTHONPATH
++ _LMFILES_=/opt/modulefiles/psc_path/1.1:/opt/modulefiles/slurm/15.08.8:/opt/modulefiles/intel/compilers:/opt/modulefiles/mpi/intel_mpi:/opt/modulefiles/icc/16.0.3:/opt/modulefiles/cuda/8.0:/opt/modulefiles/python3/3.5.2_gcc_mkl
++ export _LMFILES_
+ pushd /pylon5/ci560ip/shivangs
/pylon5/ci560ip/shivangs /pylon5/ci560ip/shivangs/deepRL/version_3/deeprl_hw2_src_DQNv2
+ source /pylon5/ci560ip/shivangs/deepRL/myVE/bin/activate
++ deactivate nondestructive
++ unset -f pydoc
++ '[' -z '' ']'
++ '[' -z '' ']'
++ '[' -n /bin/bash ']'
++ hash -r
++ '[' -z '' ']'
++ unset VIRTUAL_ENV
++ '[' '!' nondestructive = nondestructive ']'
++ VIRTUAL_ENV=/pylon5/ci560ip/shivangs/deepRL/myVE
++ export VIRTUAL_ENV
++ _OLD_VIRTUAL_PATH=/opt/packages/python/Python-3.5.2-icc-mkl/bin:/opt/packages/cuda/8.0/bin:/usr/lib64/qt-3.3/bin:/opt/intel/compilers_and_libraries_2016.3.210/linux/mpi/intel64/bin:/opt/intel/compilers_and_libraries_2016.3.210/linux/bin/intel64:/opt/intel/debugger_2016/gdb/intel64_mic/bin:/opt/packages/slurm/15.08.8/bin:/opt/packages/allocations:/opt/packages/interact/bin:/usr/lib64/ccache:/usr/local/bin:/bin:/usr/bin:/usr/bin:/usr/local/sbin:/usr/sbin:/opt/puppetlabs/puppet/bin:/opt/packages/slash2/psc/sbin:/opt/puppetlabs/bin:/pylon5/ci560ip/shivangs/deepRL/tcl/bin:/pylon5/ci560ip/shivangs/deepRL/tk/bin:/home/shivangs/.local/bin:/home/shivangs/bin
++ PATH=/pylon5/ci560ip/shivangs/deepRL/myVE/bin:/opt/packages/python/Python-3.5.2-icc-mkl/bin:/opt/packages/cuda/8.0/bin:/usr/lib64/qt-3.3/bin:/opt/intel/compilers_and_libraries_2016.3.210/linux/mpi/intel64/bin:/opt/intel/compilers_and_libraries_2016.3.210/linux/bin/intel64:/opt/intel/debugger_2016/gdb/intel64_mic/bin:/opt/packages/slurm/15.08.8/bin:/opt/packages/allocations:/opt/packages/interact/bin:/usr/lib64/ccache:/usr/local/bin:/bin:/usr/bin:/usr/bin:/usr/local/sbin:/usr/sbin:/opt/puppetlabs/puppet/bin:/opt/packages/slash2/psc/sbin:/opt/puppetlabs/bin:/pylon5/ci560ip/shivangs/deepRL/tcl/bin:/pylon5/ci560ip/shivangs/deepRL/tk/bin:/home/shivangs/.local/bin:/home/shivangs/bin
++ export PATH
++ '[' -z '' ']'
++ '[' -z '' ']'
++ _OLD_VIRTUAL_PS1=
++ '[' x '!=' x ']'
+++ basename /pylon5/ci560ip/shivangs/deepRL/myVE
++ PS1='(myVE) '
++ export PS1
++ alias pydoc
++ '[' -n /bin/bash ']'
++ hash -r
+ python /pylon5/ci560ip/shivangs/deepRL/version_3/deeprl_hw2_src_DQNv2/dqn_atari.py --env SpaceInvaders-v0
I tensorflow/stream_executor/dso_loader.cc:135] successfully opened CUDA library libcublas.so.8.0 locally
I tensorflow/stream_executor/dso_loader.cc:135] successfully opened CUDA library libcudnn.so.5 locally
I tensorflow/stream_executor/dso_loader.cc:135] successfully opened CUDA library libcufft.so.8.0 locally
I tensorflow/stream_executor/dso_loader.cc:135] successfully opened CUDA library libcuda.so.1 locally
I tensorflow/stream_executor/dso_loader.cc:135] successfully opened CUDA library libcurand.so.8.0 locally
W tensorflow/core/platform/cpu_feature_guard.cc:45] The TensorFlow library wasn't compiled to use SSE3 instructions, but these are available on your machine and could speed up CPU computations.
W tensorflow/core/platform/cpu_feature_guard.cc:45] The TensorFlow library wasn't compiled to use SSE4.1 instructions, but these are available on your machine and could speed up CPU computations.
W tensorflow/core/platform/cpu_feature_guard.cc:45] The TensorFlow library wasn't compiled to use SSE4.2 instructions, but these are available on your machine and could speed up CPU computations.
W tensorflow/core/platform/cpu_feature_guard.cc:45] The TensorFlow library wasn't compiled to use AVX instructions, but these are available on your machine and could speed up CPU computations.
W tensorflow/core/platform/cpu_feature_guard.cc:45] The TensorFlow library wasn't compiled to use AVX2 instructions, but these are available on your machine and could speed up CPU computations.
W tensorflow/core/platform/cpu_feature_guard.cc:45] The TensorFlow library wasn't compiled to use FMA instructions, but these are available on your machine and could speed up CPU computations.
I tensorflow/core/common_runtime/gpu/gpu_device.cc:885] Found device 0 with properties: 
name: Tesla K80
major: 3 minor: 7 memoryClockRate (GHz) 0.8235
pciBusID 0000:8a:00.0
Total memory: 11.17GiB
Free memory: 11.11GiB
I tensorflow/core/common_runtime/gpu/gpu_device.cc:906] DMA: 0 
I tensorflow/core/common_runtime/gpu/gpu_device.cc:916] 0:   Y 
I tensorflow/core/common_runtime/gpu/gpu_device.cc:975] Creating TensorFlow device (/gpu:0) -> (device: 0, name: Tesla K80, pci bus id: 0000:8a:00.0)
Using TensorFlow backend.
[2017-03-23 21:02:26,603] Making new env: SpaceInvaders-v0
slurmstepd: Job 926288 exceeded memory limit (31579400 > 31539200), being killed
slurmstepd: Exceeded job memory limit
slurmstepd: *** JOB 926288 ON gpu002 CANCELLED AT 2017-03-23T22:19:04 ***
slurmstepd: Exceeded step memory limit at some point.
